1611286520034	geckodriver	INFO	Listening on 127.0.0.1:51318
1611286522969	mozrunner::runner	INFO	Running command: "C:\\Program Files\\Mozilla Firefox\\firefox.exe" "--marionette" "-foreground" "-no-remote" "-profile" "C:\\Users\\pin4_\\AppData\\Local\\Temp\\rust_mozprofileZe4FVy"
1611286610330	geckodriver	INFO	Listening on 127.0.0.1:51418
1611286613379	mozrunner::runner	INFO	Running command: "C:\\Program Files\\Mozilla Firefox\\firefox.exe" "--marionette" "-foreground" "-no-remote" "-profile" "C:\\Users\\pin4_\\AppData\\Local\\Temp\\rust_mozprofileCUELX8"
Can't find symbol 'eglSwapBuffersWithDamageEXT'.
Can't find symbol 'eglSetDamageRegionKHR'.
console.warn: SearchSettings: "get: No settings file exists, new profile?" (new Error("", "(unknown module)"))
1611286620899	Marionette	INFO	Listening on port 51427
1611286621414	Marionette	WARN	TLS certificate errors will be ignored for this session
Can't find symbol 'eglSwapBuffersWithDamageEXT'.
Can't find symbol 'eglSetDamageRegionKHR'.
1611286700081	Marionette	INFO	Stopped listening on port 51427

###!!! [Child][RunMessage] Error: Channel closing: too late to send/recv, messages will be lost

"--marionette" "-foreground" "-no-remote" "-profile" "C:\\Users\\pin4_\\AppData\\Local\\Temp\\rust_mozprofileIgp3Qu"
Can't find symbol 'eglSwapBuffersWithDamageEXT'.
Can't find symbol 'eglSetDamageRegionKHR'.
console.warn: SearchSettings: "get: No settings file exists, new profile?" (new Error("", "(unknown module)"))
1611286680719	Marionette	INFO	Listening on port 51588
1611286681511	Marionette	WARN	TLS certificate errors will be ignored for this session
JavaScript error: resource://activity-stream/lib/ASRouter.jsm, line 987: NS_ERROR_ILLEGAL_VALUE: Component returned failure code: 0x80070057 (NS_ERROR_ILLEGAL_VALUE) [nsIObserverService.removeObserver]
1611286703584	Marionette	INFO	Stopped listening on port 51588

###!!! [Child][RunMessage] Error: Channel closing: too late to send/recv, messages will be lost

1611286704540	geckodriver	INFO	Listening on 127.0.0.1:51657
1611286707552	mozrunner::runner	INFO	Running command: "C:\\Program Files\\Mozilla Firefox\\firefox.exe" "--marionette" "-foreground" "-no-remote" "-profile" "C:\\Users\\pin4_\\AppData\\Local\\Temp\\rust_mozprofilezdLpUx"
Can't find symbol 'eglSwapBuffersWithDamageEXT'.
Can't find symbol 'eglSetDamageRegionKHR'.
console.warn: SearchSettings: "get: No settings file exists, new profile?" (new Error("", "(unknown module)"))
1611286716165	Marionette	INFO	Listening on port 51668
1611286716663	Marionette	WARN	TLS certificate errors will be ignored for this session
JavaScript error: resource://activity-stream/lib/ASRouter.jsm, line 987: NS_ERROR_ILLEGAL_VALUE: Component returned failure code: 0x80070057 (NS_ERROR_ILLEGAL_VALUE) [nsIObserverService.removeObserver]
1611286793190	Marionette	INFO	Stopped listening on port 51668

###!!! [Child][RunMessage] Error: Channel closing: too late to send/recv, messages will be lost

1611286794469	geckodriver	INFO	Listening on 127.0.0.1:51759
1611286797584	mozrunner::runner	INFO	Running command: "C:\\Program Files\\Mozilla Firefox\\firefox.exe" "--marionette" "-foreground" "-no-remote" "-profile" "C:\\Users\\pin4_\\AppData\\Local\\Temp\\rust_mozprofileP1b9eV"
Can't find symbol 'eglSwapBuffersWithDamageEXT'.
Can't find symbol 'eglSetDamageRegionKHR'.
console.warn: SearchSettings: "get: No settings file exists, new profile?" (new Error("", "(unknown module)"))
1611286804099	Marionette	INFO	Listening on port 51769
1611286804549	Marionette	WARN	TLS certificate errors will be ignored for this session
JavaScript error: resource://activity-stream/lib/ASRouter.jsm, line 987: NS_ERROR_ILLEGAL_VALUE: Component returned failure code: 0x80070057 (NS_ERROR_ILLEGAL_VALUE) [nsIObserverService.removeObserver]
[Parent 2544, Gecko_IOThread] WARNING: file /builds/worker/checkouts/gecko/ipc/chromium/src/base/process_util_win.cc:166
1611286919372	Marionette	INFO	Stopped listening on port 51769

###!!! [Child][RunMessage] Error: Channel closing: too late to send/recv, messages will be lost

11286909456	Marionette	INFO	Listening on port 51882
1611286909949	Marionette	WARN	TLS certificate errors will be ignored for this session
1611286925063	Marionette	INFO	Stopped listening on port 51882

###!!! [Child][RunMessage] Error: Channel closing: too late to send/recv, messages will be lost

1611287021237	geckodriver	INFO	Listening on 127.0.0.1:52056
1611287024286	mozrunner::runner	INFO	Running command: "C:\\Program Files\\Mozilla Firefox\\firefox.exe" "--marionette" "-foreground" "-no-remote" "-profile" "C:\\Users\\pin4_\\AppData\\Local\\Temp\\rust_mozprofile46BqEz"
Can't find symbol 'eglSwapBuffersWithDamageEXT'.
Can't find symbol 'eglSetDamageRegionKHR'.
console.warn: SearchSettings: "get: No settings file exists, new profile?" (new Error("", "(unknown module)"))
1611287030675	Marionette	INFO	Listening on port 52066
1611287030959	Marionette	WARN	TLS certificate errors will be ignored for this session
1611287041516	Marionette	INFO	Stopped listening on port 52066

###!!! [Child][RunMessage] Error: Channel closing: too late to send/recv, messages will be lost

1611287589361	geckodriver	INFO	Listening on 127.0.0.1:52443
1611287592420	mozrunner::runner	INFO	Running command: "C:\\Program Files\\Mozilla Firefox\\firefox.exe" "--marionette" "-foreground" "-no-remote" "-profile" "C:\\Users\\pin4_\\AppData\\Local\\Temp\\rust_mozprofile158jCc"
Can't find symbol 'eglSwapBuffersWithDamageEXT'.
Can't find symbol 'eglSetDamageRegionKHR'.
console.warn: SearchSettings: "get: No settings file exists, new profile?" (new Error("", "(unknown module)"))
1611287598434	Marionette	INFO	Listening on port 52453
1611287598742	Marionette	WARN	TLS certificate errors will be ignored for this session
1611287824971	Marionette	INFO	Stopped listening on port 52453

###!!! [Child][RunMessage] Error: Channel closing: too late to send/recv, messages will be lost

"--marionette" "-foreground" "-no-remote" "-profile" "C:\\Users\\pin4_\\AppData\\Local\\Temp\\rust_mozprofileZVreOv"
Can't find symbol 'eglSwapBuffersWithDamageEXT'.
Can't find symbol 'eglSetDamageRegionKHR'.
console.warn: SearchSettings: "get: No settings file exists, new profile?" (new Error("", "(unknown module)"))
1611287796435	Marionette	INFO	Listening on port 52625
1611287796792	Marionette	WARN	TLS certificate errors will be ignored for this session
console.warn: LoginRecipes: "getRecipes: falling back to a synchronous message for:" "https://todoist.com"
1611288357124	Marionette	INFO	Stopped listening on port 52625

###!!! [Child][RunMessage] Error: Channel closing: too late to send/recv, messages will be lost

"--marionette" "-foreground" "-no-remote" "-profile" "C:\\Users\\pin4_\\AppData\\Local\\Temp\\rust_mozprofileneO6uT"
Can't find symbol 'eglSwapBuffersWithDamageEXT'.
Can't find symbol 'eglSetDamageRegionKHR'.
console.warn: SearchSettings: "get: No settings file exists, new profile?" (new Error("", "(unknown module)"))
1611287914287	Marionette	INFO	Listening on port 52750
1611287914773	Marionette	WARN	TLS certificate errors will be ignored for this session
1611288033245	Marionette	INFO	Stopped listening on port 52750

###!!! [Child][RunMessage] Error: Channel closing: too late to send/recv, messages will be lost

1611288095926	geckodriver	INFO	Listening on 127.0.0.1:52918
1611288099059	mozrunner::runner	INFO	Running command: "C:\\Program Files\\Mozilla Firefox\\firefox.exe" "--marionette" "-foreground" "-no-remote" "-profile" "C:\\Users\\pin4_\\AppData\\Local\\Temp\\rust_mozprofilezsznRi"
Can't find symbol 'eglSwapBuffersWithDamageEXT'.
Can't find symbol 'eglSetDamageRegionKHR'.
console.warn: SearchSettings: "get: No settings file exists, new profile?" (new Error("", "(unknown module)"))
1611288105831	Marionette	INFO	Listening on port 52927
1611288106104	Marionette	WARN	TLS certificate errors will be ignored for this session
1611288110082	Marionette	INFO	Stopped listening on port 52927
JavaScript error: resource://activity-stream/lib/ASRouter.jsm, line 987: NS_ERROR_ILLEGAL_VALUE: Component returned failure code: 0x80070057 (NS_ERROR_ILLEGAL_VALUE) [nsIObserverService.removeObserver]

###!!! [Child][RunMessage] Error: Channel closing: too late to send/recv, messages will be lost

1611288118381	geckodriver	INFO	Listening on 127.0.0.1:52972
1611288121431	mozrunner::runner	INFO	Running command: "C:\\Program Files\\Mozilla Firefox\\firefox.exe" "--marionette" "-foreground" "-no-remote" "-profile" "C:\\Users\\pin4_\\AppData\\Local\\Temp\\rust_mozprofileQIrGvl"
Can't find symbol 'eglSwapBuffersWithDamageEXT'.
Can't find symbol 'eglSetDamageRegionKHR'.
console.warn: SearchSettings: "get: No settings file exists, new profile?" (new Error("", "(unknown module)"))
1611288127772	Marionette	INFO	Listening on port 52983
1611288127983	Marionette	WARN	TLS certificate errors will be ignored for this session
1611288131773	Marionette	INFO	Stopped listening on port 52983
JavaScript error: resource://activity-stream/lib/ASRouter.jsm, line 987: NS_ERROR_ILLEGAL_VALUE: Component returned failure code: 0x80070057 (NS_ERROR_ILLEGAL_VALUE) [nsIObserverService.removeObserver]

###!!! [Child][RunMessage] Error: Channel closing: too late to send/recv, messages will be lost

1611288159814	geckodriver	INFO	Listening on 127.0.0.1:53038
1611288162862	mozrunner::runner	INFO	Running command: "C:\\Program Files\\Mozilla Firefox\\firefox.exe" "--marionette" "-foreground" "-no-remote" "-profile" "C:\\Users\\pin4_\\AppData\\Local\\Temp\\rust_mozprofileNw0Itq"
Can't find symbol 'eglSwapBuffersWithDamageEXT'.
Can't find symbol 'eglSetDamageRegionKHR'.
console.warn: SearchSettings: "get: No settings file exists, new profile?" (new Error("", "(unknown module)"))
1611288169000	Marionette	INFO	Listening on port 53047
1611288169258	Marionette	WARN	TLS certificate errors will be ignored for this session
console.error: Region.jsm: "Error fetching region" (new Error("TIMEOUT", "resource://gre/modules/Region.jsm", 726))
console.error: Region.jsm: "Failed to fetch region" (new Error("TIMEOUT", "resource://gre/modules/Region.jsm", 376))
[Parent 11324, Gecko_IOThread] WARNING: file /builds/worker/checkouts/gecko/ipc/chromium/src/base/process_util_win.cc:166
1611288358729	Marionette	INFO	Stopped listening on port 53047

###!!! [Child][RunMessage] Error: Channel closing: too late to send/recv, messages will be lost

find symbol 'eglSwapBuffersWithDamageEXT'.
Can't find symbol 'eglSetDamageRegionKHR'.
console.warn: SearchSettings: "get: No settings file exists, new profile?" (new Error("", "(unknown module)"))
1611288328016	Marionette	INFO	Listening on port 53212
1611288328500	Marionette	WARN	TLS certificate errors will be ignored for this session
console.warn: LoginRecipes: "getRecipes: falling back to a synchronous message for:" "https://todoist.com"

###!!! [Parent][MessageChannel] Error: (msgtype=0x1F0011,name=PBackgroundStorage::Msg_Observe) Channel error: cannot send/recv


###!!! [Parent][MessageChannel] Error: (msgtype=0x1F0011,name=PBackgroundStorage::Msg_Observe) Channel error: cannot send/recv

[Parent 224, Gecko_IOThread] WARNING: file /builds/worker/checkouts/gecko/ipc/chromium/src/base/process_util_win.cc:166
1611288368653	Marionette	INFO	Stopped listening on port 53212

###!!! [Child][RunMessage] Error: Channel closing: too late to send/recv, messages will be lost

